# JRE version: OpenJDK Runtime Environment Microsoft-8035246 (17.0.8+7) (build 17.0.8+7-LTS)
# Java VM: OpenJDK 64-Bit Server VM Microsoft-8035246 (17.0.8+7-LTS, mixed mode, sharing, tiered, compressed oops, compressed class ptrs, g1 gc, windows-amd64)
GC Precious Log:
 CPUs: 8 total, 8 available
 Memory: 8113M
 Large Page Support: Disabled
 NUMA Support: Disabled
 Compressed Oops: Enabled (32-bit)
 Heap Region Size: 1M
 Heap Min Capacity: 8M
 Heap Initial Capacity: 128M
 Heap Max Capacity: 2G
 Pre-touch: Disabled
 Parallel Workers: 8
 Concurrent Workers: 2
 Concurrent Refinement Workers: 8
 Periodic GC: Disabled
Heap:
 garbage-first heap   total 331776K, used 240359K [0x0000000080000000, 0x0000000100000000)
  region size 1024K, 93 young (95232K), 2 survivors (2048K)
 Metaspace       used 97914K, committed 98880K, reserved 557056K
  class space    used 13760K, committed 14208K, reserved 425984K
GC Heap History (20 events):
Event: 21.576 GC heap before
{Heap before GC invocations=51 (full 0):
 garbage-first heap   total 177152K, used 142337K [0x0000000080000000, 0x0000000100000000)
  region size 1024K, 53 young (54272K), 4 survivors (4096K)
 Metaspace       used 85706K, committed 86592K, reserved 557056K
  class space    used 12082K, committed 12480K, reserved 425984K
}
Event: 21.582 GC heap after
{Heap after GC invocations=52 (full 0):
 garbage-first heap   total 177152K, used 97138K [0x0000000080000000, 0x0000000100000000)
  region size 1024K, 7 young (7168K), 7 survivors (7168K)
 Metaspace       used 85706K, committed 86592K, reserved 557056K
  class space    used 12082K, committed 12480K, reserved 425984K
}
Event: 22.304 GC heap before
{Heap before GC invocations=52 (full 0):
 garbage-first heap   total 177152K, used 148338K [0x0000000080000000, 0x0000000100000000)
  region size 1024K, 54 young (55296K), 7 survivors (7168K)
 Metaspace       used 87309K, committed 88128K, reserved 557056K
  class space    used 12343K, committed 12736K, reserved 425984K
}
Event: 22.316 GC heap after
{Heap after GC invocations=53 (full 0):
 garbage-first heap   total 177152K, used 112617K [0x0000000080000000, 0x0000000100000000)
  region size 1024K, 7 young (7168K), 7 survivors (7168K)
 Metaspace       used 87309K, committed 88128K, reserved 557056K
  class space    used 12343K, committed 12736K, reserved 425984K
}
Event: 22.814 GC heap before
{Heap before GC invocations=53 (full 0):
 garbage-first heap   total 177152K, used 150505K [0x0000000080000000, 0x0000000100000000)
  region size 1024K, 41 young (41984K), 7 survivors (7168K)
 Metaspace       used 87652K, committed 88512K, reserved 557056K
  class space    used 12381K, committed 12800K, reserved 425984K
}
Event: 22.821 GC heap after
{Heap after GC invocations=54 (full 0):
 garbage-first heap   total 212992K, used 123302K [0x0000000080000000, 0x0000000100000000)
  region size 1024K, 6 young (6144K), 6 survivors (6144K)
 Metaspace       used 87652K, committed 88512K, reserved 557056K
  class space    used 12381K, committed 12800K, reserved 425984K
}
Event: 23.384 GC heap before
{Heap before GC invocations=55 (full 0):
 garbage-first heap   total 222208K, used 168358K [0x0000000080000000, 0x0000000100000000)
  region size 1024K, 50 young (51200K), 6 survivors (6144K)
 Metaspace       used 88683K, committed 89600K, reserved 557056K
  class space    used 12507K, committed 12928K, reserved 425984K
}
Event: 23.392 GC heap after
{Heap after GC invocations=56 (full 0):
 garbage-first heap   total 222208K, used 132863K [0x0000000080000000, 0x0000000100000000)
  region size 1024K, 7 young (7168K), 7 survivors (7168K)
 Metaspace       used 88683K, committed 89600K, reserved 557056K
  class space    used 12507K, committed 12928K, reserved 425984K
}
Event: 23.421 GC heap before
{Heap before GC invocations=56 (full 0):
 garbage-first heap   total 222208K, used 134911K [0x0000000080000000, 0x0000000100000000)
  region size 1024K, 10 young (10240K), 7 survivors (7168K)
 Metaspace       used 88831K, committed 89728K, reserved 557056K
  class space    used 12526K, committed 12928K, reserved 425984K
}
Event: 23.427 GC heap after
{Heap after GC invocations=57 (full 0):
 garbage-first heap   total 222208K, used 134111K [0x0000000080000000, 0x0000000100000000)
  region size 1024K, 1 young (1024K), 1 survivors (1024K)
 Metaspace       used 88831K, committed 89728K, reserved 557056K
  class space    used 12526K, committed 12928K, reserved 425984K
}
Event: 23.903 GC heap before
{Heap before GC invocations=57 (full 0):
 garbage-first heap   total 222208K, used 176095K [0x0000000080000000, 0x0000000100000000)
  region size 1024K, 42 young (43008K), 1 survivors (1024K)
 Metaspace       used 93034K, committed 93952K, reserved 557056K
  class space    used 13123K, committed 13568K, reserved 425984K
}
Event: 23.907 GC heap after
{Heap after GC invocations=58 (full 0):
 garbage-first heap   total 222208K, used 135430K [0x0000000080000000, 0x0000000100000000)
  region size 1024K, 3 young (3072K), 3 survivors (3072K)
 Metaspace       used 93034K, committed 93952K, reserved 557056K
  class space    used 13123K, committed 13568K, reserved 425984K
}
Event: 24.450 GC heap before
{Heap before GC invocations=58 (full 0):
 garbage-first heap   total 222208K, used 179462K [0x0000000080000000, 0x0000000100000000)
  region size 1024K, 46 young (47104K), 3 survivors (3072K)
 Metaspace       used 95211K, committed 96064K, reserved 557056K
  class space    used 13405K, committed 13824K, reserved 425984K
}
Event: 24.456 GC heap after
{Heap after GC invocations=59 (full 0):
 garbage-first heap   total 222208K, used 138919K [0x0000000080000000, 0x0000000100000000)
  region size 1024K, 6 young (6144K), 6 survivors (6144K)
 Metaspace       used 95211K, committed 96064K, reserved 557056K
  class space    used 13405K, committed 13824K, reserved 425984K
}
Event: 24.862 GC heap before
{Heap before GC invocations=59 (full 0):
 garbage-first heap   total 222208K, used 181927K [0x0000000080000000, 0x0000000100000000)
  region size 1024K, 48 young (49152K), 6 survivors (6144K)
 Metaspace       used 96142K, committed 97088K, reserved 557056K
  class space    used 13501K, committed 13952K, reserved 425984K
}
Event: 24.871 GC heap after
{Heap after GC invocations=60 (full 0):
 garbage-first heap   total 222208K, used 143324K [0x0000000080000000, 0x0000000100000000)
  region size 1024K, 5 young (5120K), 5 survivors (5120K)
 Metaspace       used 96142K, committed 97088K, reserved 557056K
  class space    used 13501K, committed 13952K, reserved 425984K
}
Event: 25.211 GC heap before
{Heap before GC invocations=60 (full 0):
 garbage-first heap   total 222208K, used 184284K [0x0000000080000000, 0x0000000100000000)
  region size 1024K, 45 young (46080K), 5 survivors (5120K)
 Metaspace       used 97223K, committed 98176K, reserved 557056K
  class space    used 13702K, committed 14144K, reserved 425984K
}
Event: 25.218 GC heap after
{Heap after GC invocations=61 (full 0):
 garbage-first heap   total 222208K, used 147776K [0x0000000080000000, 0x0000000100000000)
  region size 1024K, 5 young (5120K), 5 survivors (5120K)
 Metaspace       used 97223K, committed 98176K, reserved 557056K
  class space    used 13702K, committed 14144K, reserved 425984K
}
Event: 25.532 GC heap before
{Heap before GC invocations=61 (full 0):
 garbage-first heap   total 222208K, used 184640K [0x0000000080000000, 0x0000000100000000)
  region size 1024K, 42 young (43008K), 5 survivors (5120K)
 Metaspace       used 97499K, committed 98432K, reserved 557056K
  class space    used 13709K, committed 14144K, reserved 425984K
}
Event: 25.538 GC heap after
{Heap after GC invocations=62 (full 0):
 garbage-first heap   total 331776K, used 149223K [0x0000000080000000, 0x0000000100000000)
  region size 1024K, 2 young (2048K), 2 survivors (2048K)
 Metaspace       used 97499K, committed 98432K, reserved 557056K
  class space    used 13709K, committed 14144K, reserved 425984K
}

